<?xml version="1.0" encoding="utf-8" standalone="no"?>
<test-run id="2" testcasecount="0" result="Failed" label="Invalid" total="0" passed="0" failed="0" inconclusive="0" skipped="0" asserts="0" engine-version="3.9.0.0" clr-version="4.0.30319.42000" start-time="2019-03-13 11:12:52Z" end-time="2019-03-13 11:12:52Z" duration="0.450900">
  <command-line><![CDATA[nunit3-console.exe  .\Example.dll]]></command-line>
  <test-suite type="Assembly" id="0-1" name="Example.dll" fullname="C:\Users\george_serban\SpecFlow\SpecFlow\Example.dll" testcasecount="0" runstate="NotRunnable" result="Failed" label="Invalid">
    <properties>
      <property name="_SKIPREASON" value="File not found: C:\Users\george_serban\SpecFlow\SpecFlow\Example.dll" />
    </properties>
    <reason>
      <message>File not found: C:\Users\george_serban\SpecFlow\SpecFlow\Example.dll</message>
    </reason>
  </test-suite>
</test-run>