<?xml version="1.0" encoding="utf-8" standalone="no"?>
<test-run id="2" testcasecount="0" result="Failed" label="Invalid" total="0" passed="0" failed="0" inconclusive="0" skipped="0" asserts="0" engine-version="3.9.0.0" clr-version="4.0.30319.42000" start-time="2019-05-23 12:27:06Z" end-time="2019-05-23 12:27:08Z" duration="1.462210">
  <command-line><![CDATA[nunit3-console.exe  nunit.framework.dll ]]></command-line>
  <test-suite type="Assembly" id="0-1" name="nunit.framework.dll" fullname="C:\Users\george_serban\SpecFlow-Selenium\SpecFlow\bin\Debug\nunit.framework.dll" testcasecount="0" runstate="NotRunnable" result="Failed" label="Invalid">
    <properties>
      <property name="_SKIPREASON" value="No suitable tests found in 'C:\Users\george_serban\SpecFlow-Selenium\SpecFlow\bin\Debug\nunit.framework.dll'.&#xA;Either assembly contains no tests or proper test driver has not been found." />
    </properties>
    <reason>
      <message>No suitable tests found in 'C:\Users\george_serban\SpecFlow-Selenium\SpecFlow\bin\Debug\nunit.framework.dll'.
Either assembly contains no tests or proper test driver has not been found.</message>
    </reason>
  </test-suite>
</test-run>